[20221117_182017] index0;amount:42;created
[20221117_182017] index1;amount:54;created
[20221117_182017] index2;amount:957;created
[20221117_182017] index3;amount:432;created
[20221117_182017] index4;amount:1234;created
[20221117_182017] index5;amount:0;created
[20221117_182017] index6;amount:754;created
[20221117_182017] index7;amount:16576;created
[20221117_182017] accounts:8;total:20049;deposits:0;withdrawals:0
[20221117_182017] index:0;amount:42;deposit:0;withdrawals:0
[20221117_182017] index:1;amount:54;deposit:0;withdrawals:0
[20221117_182017] index:2;amount:957;deposit:0;withdrawals:0
[20221117_182017] index:3;amount:432;deposit:0;withdrawals:0
[20221117_182017] index:4;amount:1234;deposit:0;withdrawals:0
[20221117_182017] index:5;amount:0;deposit:0;withdrawals:0
[20221117_182017] index:6;amount:754;deposit:0;withdrawals:0
[20221117_182017] index:7;amount:16576;deposit:0;withdrawals:0
[20221117_182017] index:0;p_amount:42;deposit:5;amount:47;nb_deposits:1
[20221117_182017] index:1;p_amount:54;deposit:765;amount:819;nb_deposits:1
[20221117_182017] index:2;p_amount:957;deposit:564;amount:1521;nb_deposits:1
[20221117_182017] index:3;p_amount:432;deposit:2;amount:434;nb_deposits:1
[20221117_182017] index:4;p_amount:1234;deposit:87;amount:1321;nb_deposits:1
[20221117_182017] index:5;p_amount:0;deposit:23;amount:23;nb_deposits:1
[20221117_182017] index:6;p_amount:754;deposit:9;amount:763;nb_deposits:1
[20221117_182017] index:7;p_amount:16576;deposit:20;amount:16596;nb_deposits:1
[20221117_182017] accounts:8;total:21524;deposits:8;withdrawals:0
[20221117_182017] index:0;amount:47;deposit:1;withdrawals:0
[20221117_182017] index:1;amount:819;deposit:1;withdrawals:0
[20221117_182017] index:2;amount:1521;deposit:1;withdrawals:0
[20221117_182017] index:3;amount:434;deposit:1;withdrawals:0
[20221117_182017] index:4;amount:1321;deposit:1;withdrawals:0
[20221117_182017] index:5;amount:23;deposit:1;withdrawals:0
[20221117_182017] index:6;amount:763;deposit:1;withdrawals:0
[20221117_182017] index:7;amount:16596;deposit:1;withdrawals:0
[20221117_182017] index:0;p_amount:47;withdrawal:refused
[20221117_182017] index:1;p_amount:785;withdrawal:34;amount:751;nb_withdrawals:1
[20221117_182017] index:2;p_amount:864;withdrawal:657;amount:207;nb_withdrawals:1
[20221117_182017] index:3;p_amount:430;withdrawal:4;amount:426;nb_withdrawals:1
[20221117_182017] index:4;p_amount:1245;withdrawal:76;amount:1169;nb_withdrawals:1
[20221117_182017] index:5;p_amount:23;withdrawal:refused
[20221117_182017] index:6;p_amount:106;withdrawal:657;amount:-551;nb_withdrawals:1
[20221117_182017] index:7;p_amount:8942;withdrawal:7654;amount:1288;nb_withdrawals:1
[20221117_182017] accounts:8;total:12442;deposits:8;withdrawals:6
[20221117_182017] index:0;amount:47;deposit:1;withdrawals:0
[20221117_182017] index:1;amount:785;deposit:1;withdrawals:1
[20221117_182017] index:2;amount:864;deposit:1;withdrawals:1
[20221117_182017] index:3;amount:430;deposit:1;withdrawals:1
[20221117_182017] index:4;amount:1245;deposit:1;withdrawals:1
[20221117_182017] index:5;amount:23;deposit:1;withdrawals:0
[20221117_182017] index:6;amount:106;deposit:1;withdrawals:1
[20221117_182017] index:7;amount:8942;deposit:1;withdrawals:1
[20221117_182017] index:8;amount:8942;closed
[20221117_182017] index:8;amount:106;closed
[20221117_182017] index:8;amount:23;closed
[20221117_182017] index:8;amount:1245;closed
[20221117_182017] index:8;amount:430;closed
[20221117_182017] index:8;amount:864;closed
[20221117_182017] index:8;amount:785;closed
[20221117_182017] index:8;amount:47;closed
